<?xml version="1.0" encoding="UTF-8"?>
<!-- Generated by org.testng.reporters.JUnitXMLReporter -->
<testsuite hostname="admin-PC" ignored="6" name="FlightReservation test" tests="4" failures="0" timestamp="07 May 2019 02:15:27 GMT" time="47.544" errors="0">
  <testcase name="Flightbooking" time="45.754" classname="com.makemytrip.testcases.TC_Homepage_001"/>
  <testcase name="flights" time="1.741" classname="com.makemytrip.testcases.TC_Flights_002"/>
  <testcase name="Flight_Stops" time="0.014" classname="com.makemytrip.testcases.TC_FlightStops_003"/>
  <testcase name="Radio" time="0.01" classname="com.makemytrip.testcases.TC_Flights_Radio_004"/>
  <testcase name="@BeforeSuite SetUp" time="0.0" classname="com.makemytrip.testcases.BaseClass">
    <ignored/>
  </testcase> <!-- @BeforeSuite SetUp -->
  <testcase name="@BeforeSuite SetUp" time="0.0" classname="com.makemytrip.testcases.BaseClass">
    <ignored/>
  </testcase> <!-- @BeforeSuite SetUp -->
  <testcase name="@BeforeSuite SetUp" time="0.0" classname="com.makemytrip.testcases.BaseClass">
    <ignored/>
  </testcase> <!-- @BeforeSuite SetUp -->
  <testcase name="@AfterSuite quit" time="0.0" classname="com.makemytrip.testcases.BaseClass">
    <ignored/>
  </testcase> <!-- @AfterSuite quit -->
  <testcase name="@AfterSuite quit" time="0.0" classname="com.makemytrip.testcases.BaseClass">
    <ignored/>
  </testcase> <!-- @AfterSuite quit -->
  <testcase name="@AfterSuite quit" time="0.0" classname="com.makemytrip.testcases.BaseClass">
    <ignored/>
  </testcase> <!-- @AfterSuite quit -->
</testsuite> <!-- FlightReservation test -->
