<?xml version="1.0" encoding="UTF-8"?>
<testng-results skipped="0" failed="0" ignored="6" total="10" passed="4">
  <reporter-output>
  </reporter-output>
  <suite name="FlightReservationapplication" duration-ms="14126" started-at="2019-05-09T15:22:15Z" finished-at="2019-05-09T15:22:29Z">
    <groups>
    </groups>
    <test name="FlightReservation test" duration-ms="14126" started-at="2019-05-09T15:22:15Z" finished-at="2019-05-09T15:22:29Z">
      <class name="com.makemytrip.testcases.TC_Flights_002">
        <test-method status="PASS" signature="flights()[pri:2, instance:com.makemytrip.testcases.TC_Flights_002@6500df86]" name="flights" duration-ms="68" started-at="2019-05-09T20:52:29Z" finished-at="2019-05-09T20:52:29Z">
          <reporter-output>
          </reporter-output>
        </test-method> <!-- flights -->
      </class> <!-- com.makemytrip.testcases.TC_Flights_002 -->
      <class name="com.makemytrip.testcases.TC_Flights_Radio_004">
        <test-method status="PASS" signature="Radio()[pri:4, instance:com.makemytrip.testcases.TC_Flights_Radio_004@59ec2012]" name="Radio" duration-ms="24" started-at="2019-05-09T20:52:29Z" finished-at="2019-05-09T20:52:29Z">
          <reporter-output>
          </reporter-output>
        </test-method> <!-- Radio -->
      </class> <!-- com.makemytrip.testcases.TC_Flights_Radio_004 -->
      <class name="com.makemytrip.testcases.TC_Homepage_001">
        <test-method status="PASS" signature="SetUp()[pri:0, instance:com.makemytrip.testcases.TC_Homepage_001@42dafa95]" name="SetUp" is-config="true" duration-ms="24771" started-at="2019-05-09T20:51:50Z" finished-at="2019-05-09T20:52:15Z">
          <reporter-output>
          </reporter-output>
        </test-method> <!-- SetUp -->
        <test-method status="PASS" signature="Flightbooking()[pri:1, instance:com.makemytrip.testcases.TC_Homepage_001@42dafa95]" name="Flightbooking" duration-ms="12907" started-at="2019-05-09T20:52:15Z" finished-at="2019-05-09T20:52:28Z">
          <reporter-output>
          </reporter-output>
        </test-method> <!-- Flightbooking -->
      </class> <!-- com.makemytrip.testcases.TC_Homepage_001 -->
      <class name="com.makemytrip.testcases.TC_FlightStops_003">
        <test-method status="PASS" signature="Flight_Stops()[pri:3, instance:com.makemytrip.testcases.TC_FlightStops_003@402a079c]" name="Flight_Stops" duration-ms="65" started-at="2019-05-09T20:52:29Z" finished-at="2019-05-09T20:52:29Z">
          <reporter-output>
          </reporter-output>
        </test-method> <!-- Flight_Stops -->
      </class> <!-- com.makemytrip.testcases.TC_FlightStops_003 -->
    </test> <!-- FlightReservation test -->
  </suite> <!-- FlightReservationapplication -->
</testng-results>
